<html>
<body>
<pre>
<h1>Vision Build Log</h1>
<h2>Tool Versions:</h2>
IDE-Version: μVision V5.22.0.0
Copyright (C) 2016 ARM Ltd and ARM Germany GmbH. All rights reserved.
License Information: 111 微软用户, 微软中国, LIC=9WSCX-HFU0W-CWC2K-ZF8U8-PV1YG-FN170
 
Tool Versions:
Toolchain:       MDK-ARM Plus  Version: 5.22
Toolchain Path:  D:\stm32\mdk\ARM\ARMCC\Bin
C Compiler:      Armcc.exe V5.06 update 4 (build 422)
Assembler:       Armasm.exe V5.06 update 4 (build 422)
Linker/Locator:  ArmLink.exe V5.06 update 4 (build 422)
Library Manager: ArmAr.exe V5.06 update 4 (build 422)
Hex Converter:   FromElf.exe V5.06 update 4 (build 422)
CPU DLL:         SARMCM3.DLL V5.22
Dialog DLL:      DCM.DLL V1.13.9.0
Target DLL:      STLink\ST-LINKIII-KEIL_SWO.dll V2.0.18.0
Dialog DLL:      TCM.DLL V1.21.0.0
 
<h2>Project:</h2>
F:\Robomaster\git repertory\XDRM_OMNIKNIGHT\MDK-ARM\XDRM_OMNIKNIGHT.uvprojx
Project File Date:  03/01/2019

<h2>Output:</h2>
*** Using Compiler 'V5.06 update 4 (build 422)', folder: 'D:\stm32\mdk\ARM\ARMCC\Bin'
Build target 'XDRM_OMNIKNIGHT'
compiling stm32f4xx_it.c...
compiling main.c...
compiling StatusMachine.c...
compiling ControlTask.c...
compiling SuperviseTask.c...
compiling freertos.c...
compiling DriverLib_PID.c...
compiling DriverLib_Filter.c...
compiling BSP_Data.c...
compiling Data_Judge.c...
../Inc/Data_Judge.h(173): error:  #70: incomplete type is not allowed
  	uint8_t data[];//
../Inc/Data_Judge.h(185): error:  #169: expected a declaration
  }Info_Rc_Judge_t;
../Inc/Data_Judge.h(196): error:  #169: expected a declaration
  }Info_Sd_Judge_t;
..\Src\Data_Judge.c: 0 warnings, 3 errors
compiling CanBusTask.c...
compiling Driver_Beltraise.c...
..\Src\Driver_Beltraise.c(146): warning:  #550-D: variable "RBM_Angle"  was set but never used
  			static int32_t RBM_Angle = 0;
..\Src\Driver_Beltraise.c(252): warning:  #550-D: variable "RBM_Angle"  was set but never used
  			static int32_t RBM_Angle = 0;
..\Src\Driver_Beltraise.c(272): warning:  #550-D: variable "RBM_Angle"  was set but never used
  			static int32_t RBM_Angle = 0;
..\Src\Driver_Beltraise.c(313): warning:  #1035-D: single-precision operand implicitly converted to double-precision
  			Can_Send_BM(RBMSpeedPID.output*1.5,LBMSpeedPID.output*1.5,0,0);//不要在这里output加负号
..\Src\Driver_Beltraise.c(313): warning:  #1035-D: single-precision operand implicitly converted to double-precision
  			Can_Send_BM(RBMSpeedPID.output*1.5,LBMSpeedPID.output*1.5,0,0);//不要在这里output加负号
..\Src\Driver_Beltraise.c: 5 warnings, 0 errors
compiling BeepTask.c...
compiling Driver_Remote.c...
compiling Driver_Chassis.c...
compiling BSP.c...
compiling Driver_GuideWheel.c...
compiling Driver_Manipulator.c...
compiling BSP_NVIC.c...
compiling BSP_CAN.c...
compiling BSP_USART.c...
compiling croutine.c...
compiling heap_4.c...
compiling list.c...
compiling port.c...
compiling event_groups.c...
compiling timers.c...
compiling queue.c...
compiling tasks.c...
compiling cmsis_os.c...
"XDRM_OMNIKNIGHT\XDRM_OMNIKNIGHT.axf" - 3 Error(s), 5 Warning(s).

<h2>Software Packages used:</h2>

Package Vendor: ARM
                http://www.keil.com/pack/ARM.CMSIS.5.0.0.pack
                ARM::CMSIS:CORE:5.0.0
                CMSIS (Cortex Microcontroller Software Interface Standard)
   * Component: CORE Version: 5.0.0

<h2>Collection of Component include folders:</h2>
  F:\Robomaster\git repertory\XDRM_OMNIKNIGHT\MDK-ARM\RTE\_XDRM_OMNIKNIGHT
  D:\stm32\mdk\ARM\PACK\ARM\CMSIS\5.0.0\CMSIS\Include
  D:\stm32\mdk\ARM\PACK\Keil\STM32F4xx_DFP\2.11.0\Drivers\CMSIS\Device\ST\STM32F4xx\Include

<h2>Collection of Component Files used:</h2>

   * Component: ARM::CMSIS:CORE:5.0.0
Target not created.
Build Time Elapsed:  00:01:08
</pre>
</body>
</html>
